TN:
SF:src/modules/appointments/services/CreateAppointmentService.ts
FN:11,CreateAppointmentService
FN:16,Object.<anonymous>.CreateAppointmentService.execute
FNF:2
FNH:2
FNDA:2,CreateAppointmentService
FNDA:3,Object.<anonymous>.CreateAppointmentService.execute
DA:1,1
DA:2,1
DA:3,1
DA:4,1
DA:5,1
DA:6,1
DA:7,1
DA:8,1
DA:9,1
DA:10,1
DA:11,1
DA:12,2
DA:13,2
DA:14,2
DA:15,1
DA:16,1
DA:17,3
DA:18,3
DA:19,3
DA:20,3
DA:21,3
DA:22,3
DA:23,3
DA:24,1
DA:25,1
DA:26,2
DA:27,2
DA:28,2
DA:29,2
DA:30,2
DA:31,2
DA:32,2
DA:33,3
DA:34,1
DA:35,1
DA:36,1
LF:36
LH:36
BRDA:10,0,0,1
BRDA:11,1,0,2
BRDA:16,2,0,3
BRDA:23,3,0,1
BRDA:26,4,0,2
BRF:5
BRH:5
end_of_record
TN:
SF:src/modules/users/services/AuthService.ts
FN:11,AuthService
FN:18,Object.<anonymous>.AuthService.execute
FNF:2
FNH:2
FNDA:3,AuthService
FNDA:3,Object.<anonymous>.AuthService.execute
DA:1,1
DA:2,1
DA:3,1
DA:4,1
DA:5,1
DA:6,1
DA:7,1
DA:8,1
DA:9,1
DA:10,1
DA:11,1
DA:12,3
DA:13,3
DA:14,3
DA:15,3
DA:16,3
DA:17,1
DA:18,1
DA:19,3
DA:20,3
DA:21,3
DA:22,1
DA:23,1
DA:24,2
DA:25,2
DA:26,3
DA:27,3
DA:28,1
DA:29,1
DA:30,1
DA:31,1
DA:32,1
DA:33,1
DA:34,1
DA:35,1
DA:36,1
DA:37,1
DA:38,1
DA:39,1
DA:40,1
DA:41,1
DA:42,3
DA:43,1
LF:43
LH:43
BRDA:10,0,0,1
BRDA:11,1,0,3
BRDA:18,2,0,3
BRDA:19,3,0,3
BRDA:21,4,0,1
BRDA:24,5,0,2
BRDA:27,6,0,1
BRF:7
BRH:7
end_of_record
TN:
SF:src/modules/users/services/CreateUserService.ts
FN:11,CreateUserService
FN:18,Object.<anonymous>.CreateUserService.execute
FNF:2
FNH:2
FNDA:4,CreateUserService
FNDA:5,Object.<anonymous>.CreateUserService.execute
DA:1,1
DA:2,1
DA:3,1
DA:4,1
DA:5,1
DA:6,1
DA:7,1
DA:8,1
DA:9,1
DA:10,2
DA:11,2
DA:12,4
DA:13,4
DA:14,4
DA:15,4
DA:16,4
DA:17,2
DA:18,2
DA:19,5
DA:20,5
DA:21,5
DA:22,1
DA:23,1
DA:24,4
DA:25,4
DA:26,5
DA:27,5
DA:28,5
DA:29,5
DA:30,5
DA:31,5
DA:32,5
DA:33,5
DA:34,5
DA:35,2
LF:35
LH:35
BRDA:10,0,0,2
BRDA:11,1,0,4
BRDA:18,2,0,5
BRDA:19,3,0,5
BRDA:21,4,0,1
BRDA:24,5,0,4
BRF:6
BRH:6
end_of_record
TN:
SF:src/modules/users/services/UpdateUserAvatarService.ts
FN:13,UpdateUserAvatarService
FN:21,Object.<anonymous>.UpdateUserAvatarService.execute
FNF:2
FNH:2
FNDA:3,UpdateUserAvatarService
FNDA:4,Object.<anonymous>.UpdateUserAvatarService.execute
DA:1,1
DA:2,1
DA:3,1
DA:4,1
DA:5,1
DA:6,1
DA:7,1
DA:8,1
DA:9,1
DA:10,1
DA:11,1
DA:12,1
DA:13,1
DA:14,3
DA:15,3
DA:16,3
DA:17,3
DA:18,3
DA:19,3
DA:20,1
DA:21,1
DA:22,4
DA:23,4
DA:24,4
DA:25,1
DA:26,1
DA:27,3
DA:28,3
DA:29,1
DA:30,4
DA:31,4
DA:32,4
DA:33,4
DA:34,4
DA:35,4
DA:36,4
DA:37,4
DA:38,4
DA:39,4
DA:40,1
LF:40
LH:40
BRDA:12,0,0,1
BRDA:13,1,0,3
BRDA:21,2,0,4
BRDA:22,3,0,4
BRDA:24,4,0,1
BRDA:27,5,0,3
BRDA:28,6,0,2
BRDA:28,7,0,1
BRDA:32,8,0,3
BRF:9
BRH:9
end_of_record
